<?xml version="1.0" encoding="UTF-8" ?>
<testsuite errors="2" failures="0" hostname="matt-Linux" name="login.MetodosLoginTest" skipped="0" tests="2" time="1.159" timestamp="2017-06-16T16:54:40">
  <properties>
    <property name="default.javac.source" value="1.8" />
    <property name="file.encoding.pkg" value="sun.io" />
    <property name="javac.source" value="1.8" />
    <property name="testng.debug.mode" value="" />
    <property name="java.home" value="/usr/lib/jvm/java-8-oracle/jre" />
    <property name="libs.eclipselinkmodelgen.classpath" value="/usr/share/netbeans/8.1/java/modules/ext/eclipselink/org.eclipse.persistence.jpa.modelgen_2.5.2.v20140319-9ad6abd.jar" />
    <property name="test.src.dir" value="test" />
    <property name="libs.JAXB-ENDORSED.javadoc" value="" />
    <property name="sun.java2d.dpiaware" value="true" />
    <property name="javadoc.version" value="false" />
    <property name="libs.MysqlConect.maven-pom" value="" />
    <property name="libs.CopyLibs.classpath" value="/usr/share/netbeans/8.1/java/ant/extra/org-netbeans-modules-java-j2seproject-copylibstask.jar" />
    <property name="libs.javac-api.src" value="" />
    <property name="sun.font.fontmanager" value="sun.awt.X11FontManager" />
    <property name="libs.JAVADB_DRIVER_LABEL.classpath" value="/usr/lib/jvm/java-8-oracle/db/lib/derby.jar:/usr/lib/jvm/java-8-oracle/db/lib/derbyclient.jar:/usr/lib/jvm/java-8-oracle/db/lib/derbynet.jar" />
    <property name="libs.MysqlConect.javadoc" value="" />
    <property name="ant.file.type.Login" value="file" />
    <property name="java.endorsed.dirs" value="/usr/lib/jvm/java-8-oracle/jre/lib/endorsed" />
    <property name="libs.MySQLDriver.classpath" value="/home/matt/Escritorio/mysql-connector-java-5.0.8:/usr/share/netbeans/8.1/ide/modules/ext/mysql-connector-java-5.1.23-bin.jar" />
    <property name="libs.jaxb.javadoc" value="/home/matt/netbeans-8.1/ide/docs/jaxb-api-doc.zip" />
    <property name="libs.PostgreSQLDriver.src" value="" />
    <property name="src.dir" value="src" />
    <property name="sun.java2d.noddraw" value="true" />
    <property name="debug-args-line" value="-Xdebug" />
    <property name="netbeans.hash.code" value="unique=NBUBU072d804fd-46e1-4ebe-a8af-22417d099619_d726a922-1705-42eb-b7ad-b74e511d83fa" />
    <property name="build.sysclasspath" value="ignore" />
    <property name="have.sources" value="true" />
    <property name="includes" value="**" />
    <property name="javac.fork" value="true" />
    <property name="source.encoding" value="UTF-8" />
    <property name="libs.JAVADB_DRIVER_LABEL.src" value="" />
    <property name="sun.os.patch.level" value="unknown" />
    <property name="java.vendor.url" value="http://java.oracle.com/" />
    <property name="java.version" value="1.8.0_91" />
    <property name="nb.show.statistics.ui" value="usageStatisticsEnabled" />
    <property name="libs.testng.src" value="" />
    <property name="javac.debug" value="true" />
    <property name="netbeans.running.environment" value="gnome" />
    <property name="org.openide.major.version" value="IDE/1" />
    <property name="libs.JAXB-ENDORSED.classpath" value="" />
    <property name="run.classpath" value="/home/matt/Escritorio/mysql-connector-java-5.0.8:/usr/share/netbeans/8.1/ide/modules/ext/mysql-connector-java-5.1.23-bin.jar:build/classes" />
    <property name="libs.PostgreSQLDriver.maven-pom" value="" />
    <property name="java.vendor.url.bug" value="http://bugreport.sun.com/bugreport/" />
    <property name="netbeans.autoupdate.variant" value="" />
    <property name="libs.eclipselink.javadoc" value="" />
    <property name="libs.absolutelayout.javadoc" value="" />
    <property name="libs.junit_4.maven-pom" value="" />
    <property name="netbeans.buildnumber" value="20160828-debian-8.1" />
    <property name="ant.project.invoked-targets" value="test" />
    <property name="annotation.processing.run.all.processors" value="true" />
    <property name="manifest.file" value="manifest.mf" />
    <property name="user.name" value="matt" />
    <property name="libs.testng.maven-pom" value="" />
    <property name="libs.eclipselinkmodelgen.src" value="" />
    <property name="empty.dir" value="/home/matt/NetBeansProjects/Login/build/empty" />
    <property name="sun.io.unicode.encoding" value="UnicodeLittle" />
    <property name="sun.jnu.encoding" value="UTF-8" />
    <property name="java.runtime.name" value="Java(TM) SE Runtime Environment" />
    <property name="sun.java2d.pmoffscreen" value="false" />
    <property name="jdk.home" value="/usr/lib/jvm/java-8-oracle" />
    <property name="libs.hamcrest.maven-pom" value="" />
    <property name="netbeans.autoupdate.version" value="1.23" />
    <property name="netbeans.dirs" value="/usr/share/netbeans/8.1/nb:/usr/share/netbeans/8.1/ergonomics:/usr/share/netbeans/8.1/ide:/usr/share/netbeans/8.1/extide:/usr/share/netbeans/8.1/java:/usr/share/netbeans/8.1/apisupport:/usr/share/netbeans/8.1/webcommon:/usr/share/netbeans/8.1/websvccommon:/usr/share/netbeans/8.1/enterprise:/usr/share/netbeans/8.1/mobility:/usr/share/netbeans/8.1/profiler:/usr/share/netbeans/8.1/python:/usr/share/netbeans/8.1/php:/usr/share/netbeans/8.1/identity:/usr/share/netbeans/8.1/harness:/usr/share/netbeans/8.1/cnd:/usr/share/netbeans/8.1/cndext:/usr/share/netbeans/8.1/dlight:/usr/share/netbeans/8.1/groovy:/usr/share/netbeans/8.1/extra:/usr/share/netbeans/8.1/javacard:/usr/share/netbeans/8.1/javafx:" />
    <property name="main.class.available" value="true" />
    <property name="java.specification.name" value="Java Platform API Specification" />
    <property name="sun.awt.datatransfer.timeout" value="1000" />
    <property name="javadoc.author" value="false" />
    <property name="ap.proc.none.internal" value="" />
    <property name="user.timezone" value="" />
    <property name="nb.native.filechooser" value="false" />
    <property name="manifest.available" value="true" />
    <property name="libs.swing-layout.maven-pom" value="" />
    <property name="org.openide.specification.version" value="6.2" />
    <property name="path.separator" value=":" />
    <property name="testng.mode" value="testng" />
    <property name="version-output" value="java version &quot;1.8" />
    <property name="libs.absolutelayout.classpath" value="/usr/share/netbeans/8.1/java/modules/ext/AbsoluteLayout.jar:/home/matt/Escritorio" />
    <property name="libs.jaxb.maven-pom" value="" />
    <property name="file.encoding" value="UTF-8" />
    <property name="libs.eclipselink.src" value="" />
    <property name="dist.javadoc.dir" value="dist/javadoc" />
    <property name="ant.project.default-target" value="default" />
    <property name="javac.profile.cmd.line.arg" value="" />
    <property name="libs.JAXB-ENDORSED.src" value="" />
    <property name="sun.java.command" value="org.apache.tools.ant.taskdefs.optional.junit.JUnitTestRunner login.MetodosLoginTest skipNonTests=false filtertrace=true haltOnError=false haltOnFailure=false showoutput=true outputtoformatters=true logfailedtests=true threadid=0 logtestlistenerevents=true formatter=org.apache.tools.ant.taskdefs.optional.junit.BriefJUnitResultFormatter formatter=org.apache.tools.ant.taskdefs.optional.junit.XMLJUnitResultFormatter,/home/matt/NetBeansProjects/Login/build/test/results/TEST-login.MetodosLoginTest.xml crashfile=/home/matt/NetBeansProjects/Login/build/junitvmwatcher5122725062171519278.properties propsfile=/home/matt/NetBeansProjects/Login/build/junit8794281367699427938.properties" />
    <property name="https.nonProxyHosts" value="localhost|127.0.0.1|matt-Linux" />
    <property name="built-jar.properties" value="/home/matt/NetBeansProjects/Login/build/built-jar.properties" />
    <property name="ant.junit.enabletestlistenerevents" value="true" />
    <property name="ant.file" value="/home/matt/NetBeansProjects/Login/build.xml" />
    <property name="libs.junit_4.src" value="" />
    <property name="libs.hamcrest.src" value="" />
    <property name="junit.available" value="true" />
    <property name="netbeans.autoupdate.language" value="es" />
    <property name="java.io.tmpdir" value="/tmp" />
    <property name="build.test.results.dir" value="build/test/results" />
    <property name="user.language" value="es" />
    <property name="libs.jpa20-persistence.classpath" value="/usr/share/netbeans/8.1/java/modules/ext/eclipselink/javax.persistence_2.1.0.v201304241213.jar" />
    <property name="line.separator" value="&#xa;" />
    <property name="apple.laf.useScreenMenuBar" value="true" />
    <property name="libs.absolutelayout.src" value="" />
    <property name="javac.compilerargs" value="" />
    <property name="ant.file.Login-impl" value="/home/matt/NetBeansProjects/Login/nbproject/build-impl.xml" />
    <property name="jar.compress" value="false" />
    <property name="debug-transport-by-os" value="dt_socket" />
    <property name="libs.JWSAntTasks.src" value="" />
    <property name="java.vm.info" value="mixed mode" />
    <property name="libs.javac-api.maven-pom" value="" />
    <property name="javadoc.private" value="false" />
    <property name="annotation.processing.processors.list" value="" />
    <property name="sun.desktop" value="gnome" />
    <property name="java.vm.specification.name" value="Java Virtual Machine Specification" />
    <property name="build.test.classes.dir" value="build/test/classes" />
    <property name="libs.jaxb.src" value="" />
    <property name="libs.MySQLDriver.javadoc" value="/home/matt/Escritorio/mysql-connector-java-5.0.8/mysql-connector-java-5.0.8-bin.jar" />
    <property name="test.binaryexcludes" value="" />
    <property name="netbeans.dynamic.classpath" value="/usr/share/netbeans/8.1/platform/core/core.jar:/usr/share/netbeans/8.1/platform/core/core-base.jar:/usr/share/netbeans/8.1/platform/core/org-netbeans-libs-asm.jar:/usr/share/netbeans/8.1/platform/core/asm-all-5.0.1.jar:/usr/share/netbeans/8.1/platform/core/org-openide-filesystems.jar:/usr/share/netbeans/8.1/platform/core/org-openide-filesystems-compat8.jar:/usr/share/netbeans/8.1/nb/core/org-netbeans-upgrader.jar:/usr/share/netbeans/8.1/nb/core/locale/core_nb.jar" />
    <property name="libs.beans-binding.javadoc" value="" />
    <property name="platform.active" value="default_platform" />
    <property name="ap.cmd.line.internal" value="" />
    <property name="jdkBug6558476" value="false" />
    <property name="java.failonerror" value="true" />
    <property name="http.nonProxyHosts" value="localhost|127.0.0.1|matt-Linux" />
    <property name="libs.MysqlConect.src" value="" />
    <property name="libs.junit_4.javadoc" value="" />
    <property name="netbeans.autoupdate.country" value="AR" />
    <property name="libs.beans-binding.maven-pom" value="" />
    <property name="do.mkdist" value="true" />
    <property name="javadoc.encoding" value="UTF-8" />
    <property name="java.awt.printerjob" value="sun.print.PSPrinterJob" />
    <property name="ap.processors.internal" value="" />
    <property name="do.archive" value="true" />
    <property name="dist.jar" value="dist/Login.jar" />
    <property name="meta.inf.dir" value="src/META-INF" />
    <property name="ant.version" value="Apache Ant(TM) version 1.9.7 compiled on May 16 2016" />
    <property name="netbeans.home" value="/usr/share/netbeans/8.1/platform" />
    <property name="javadoc.nonavbar" value="false" />
    <property name="libs.jpa20-persistence.src" value="" />
    <property name="user.properties.file" value="/home/matt/.netbeans/8.1/build.properties" />
    <property name="libs.JWSAntTasks.classpath" value="/usr/share/netbeans/8.1/java/ant/extra/org-netbeans-modules-javawebstart-anttasks.jar" />
    <property name="netbeans.importclass" value="org.netbeans.upgrade.AutoUpgrade" />
    <property name="javac.external.vm" value="true" />
    <property name="annotation.processing.source.output" value="build/generated-sources/ap-source-output" />
    <property name="libs.CopyLibs.maven-pom" value="" />
    <property name="build.generated.dir" value="build/generated" />
    <property name="netbeans.home+have.tests" value="true" />
    <property name="libs.eclipselink.maven-pom" value="" />
    <property name="apple.awt.graphics.UseQuartz" value="true" />
    <property name="os.name" value="Linux" />
    <property name="libs.MysqlConect.classpath" value="/home/matt/Escritorio/mysql-connector-java-5.0.8" />
    <property name="java.specification.vendor" value="Oracle Corporation" />
    <property name="nb.wait.for.caches" value="true" />
    <property name="run.test.classpath" value="/home/matt/Escritorio/mysql-connector-java-5.0.8:/usr/share/netbeans/8.1/ide/modules/ext/mysql-connector-java-5.1.23-bin.jar:build/classes:/usr/share/netbeans/8.1/platform/modules/ext/junit-4.12.jar:/usr/share/netbeans/8.1/platform/modules/ext/hamcrest-core-1.3.jar:build/test/classes" />
    <property name="do.archive+main.class.available" value="true" />
    <property name="java.vm.name" value="Java HotSpot(TM) 64-Bit Server VM" />
    <property name="libs.CopyLibs.src" value="" />
    <property name="org.openide.version" value="deprecated" />
    <property name="sun.awt.enableExtraMouseButtons" value="true" />
    <property name="libs.beans-binding.src" value="" />
    <property name="ap.supported.internal" value="true" />
    <property name="java.library.path" value="/usr/lib/jvm/java-8-oracle/bin/../jre/lib/amd64:/usr/lib/jvm/java-8-oracle/bin/../jre/lib/i386::/usr/java/packages/lib/amd64:/usr/lib64:/lib64:/lib:/usr/lib" />
    <property name="libs.PostgreSQLDriver.javadoc" value="" />
    <property name="libs.eclipselinkmodelgen.maven-pom" value="" />
    <property name="ant.java.version" value="1.8" />
    <property name="libs.hamcrest.javadoc" value="" />
    <property name="javadoc.noindex" value="false" />
    <property name="basedir" value="/home/matt/NetBeansProjects/Login" />
    <property name="java.class.version" value="52.0" />
    <property name="jna.boot.library.name" value="jnidispatch" />
    <property name="javac.test.classpath" value="/home/matt/Escritorio/mysql-connector-java-5.0.8:/usr/share/netbeans/8.1/ide/modules/ext/mysql-connector-java-5.1.23-bin.jar:build/classes:/usr/share/netbeans/8.1/platform/modules/ext/junit-4.12.jar:/usr/share/netbeans/8.1/platform/modules/ext/hamcrest-core-1.3.jar" />
    <property name="javac.processorpath" value="/home/matt/Escritorio/mysql-connector-java-5.0.8:/usr/share/netbeans/8.1/ide/modules/ext/mysql-connector-java-5.1.23-bin.jar" />
    <property name="ant.home" value="/usr/share/netbeans/8.1/java/ant" />
    <property name="javadoc.splitindex" value="true" />
    <property name="libs.JAVADB_DRIVER_LABEL.maven-pom" value="" />
    <property name="javac.test.processorpath" value="/home/matt/Escritorio/mysql-connector-java-5.0.8:/usr/share/netbeans/8.1/ide/modules/ext/mysql-connector-java-5.1.23-bin.jar:build/classes:/usr/share/netbeans/8.1/platform/modules/ext/junit-4.12.jar:/usr/share/netbeans/8.1/platform/modules/ext/hamcrest-core-1.3.jar" />
    <property name="libs.javac-api.javadoc" value="" />
    <property name="javadoc.preview" value="true" />
    <property name="libs.MySQLDriver.maven-pom" value="" />
    <property name="copylibs.rebase" value="true" />
    <property name="libs.CopyLibs.javadoc" value="" />
    <property name="libs.PostgreSQLDriver.classpath" value="/usr/share/netbeans/8.1/ide/modules/ext/postgresql-9.2-1002.jdbc4.jar" />
    <property name="junit.forkmode" value="perTest" />
    <property name="libs.junit_4.classpath" value="/usr/share/netbeans/8.1/platform/modules/ext/junit-4.12.jar" />
    <property name="test.binarytestincludes" value="" />
    <property name="build.dir" value="build" />
    <property name="dist.archive.excludes" value="" />
    <property name="sun.boot.library.path" value="/usr/lib/jvm/java-8-oracle/jre/lib/amd64" />
    <property name="sun.management.compiler" value="HotSpot 64-Bit Tiered Compilers" />
    <property name="ant.file.Login" value="/home/matt/NetBeansProjects/Login/build.xml" />
    <property name="java.awt.graphicsenv" value="sun.awt.X11GraphicsEnvironment" />
    <property name="libs.testng.classpath" value="/usr/share/netbeans/8.1/platform/modules/ext/testng-6.8.1-dist.jar" />
    <property name="libs.jpa20-persistence.javadoc" value="" />
    <property name="javadoc.encoding.used" value="UTF-8" />
    <property name="libs.testng.javadoc" value="" />
    <property name="javadoc.windowtitle" value="" />
    <property name="libs.hamcrest.classpath" value="/usr/share/netbeans/8.1/platform/modules/ext/hamcrest-core-1.3.jar" />
    <property name="netbeans.productversion" value="NetBeans IDE 8.1 (Build 20160828-debian-8.1)" />
    <property name="run.jvmargs.ide" value="" />
    <property name="libs.JAXB-ENDORSED.maven-pom" value="" />
    <property name="annotation.processing.enabled" value="true" />
    <property name="run.jvmargs" value="" />
    <property name="nb.junit.single" value="false" />
    <property name="build.generated.sources.dir" value="build/generated-sources" />
    <property name="build.compiler.emacs" value="true" />
    <property name="ant.project.name" value="Login" />
    <property name="libs.swing-layout.classpath" value="/usr/share/netbeans/8.1/platform/modules/ext/swing-layout-1.0.4.jar" />
    <property name="java.vm.specification.version" value="1.8" />
    <property name="work.dir" value="/home/matt/NetBeansProjects/Login" />
    <property name="libs.jaxb.classpath" value="/home/matt/netbeans-8.1/ide/modules/ext/jaxb/jaxb-impl.jar:/home/matt/netbeans-8.1/ide/modules/ext/jaxb/jaxb-xjc.jar:/home/matt/netbeans-8.1/ide/modules/ext/jaxb/jaxb1-impl.jar:/home/matt/netbeans-8.1/ide/modules/ext/jaxb/activation.jar:/home/matt/netbeans-8.1/ide/modules/ext/jaxb/api/jaxb-api.jar:/home/matt/netbeans-8.1/ide/modules/ext/jaxb/api/jsr173_1.0_api.jar" />
    <property name="awt.toolkit" value="sun.awt.X11.XToolkit" />
    <property name="javadoc.use" value="true" />
    <property name="sun.cpu.isalist" value="" />
    <property name="java.ext.dirs" value="/usr/lib/jvm/java-8-oracle/jre/lib/ext:/usr/java/packages/lib/ext" />
    <property name="netbeans.default_userdir_root" value="/home/matt/.netbeans" />
    <property name="os.version" value="4.8.0-49-generic" />
    <property name="excludes" value="" />
    <property name="ant.file.type.Login-impl" value="file" />
    <property name="user.home" value="/home/matt" />
    <property name="org.xml.sax.driver" value="com.sun.org.apache.xerces.internal.jaxp.SAXParserImpl$JAXPSAXParser" />
    <property name="java.vm.vendor" value="Oracle Corporation" />
    <property name="libs.absolutelayout.maven-pom" value="" />
    <property name="user.dir" value="/home/matt/NetBeansProjects/Login" />
    <property name="debug-transport" value="dt_socket" />
    <property name="application.args" value="" />
    <property name="sun.cpu.endian" value="little" />
    <property name="compile.on.save" value="true" />
    <property name="ignore.failing.tests" value="true" />
    <property name="libs.eclipselinkmodelgen.javadoc" value="" />
    <property name="endorsed.classpath.cmd.line.arg" value="" />
    <property name="jar.index" value="false" />
    <property name="netbeans.automatic.build" value="true" />
    <property name="libs.MySQLDriver.src" value="/home/matt/Escritorio/mysql-connector-java-5.0.8/mysql-connector-java-5.0.8-bin.jar" />
    <property name="java.vm.version" value="25.91-b14" />
    <property name="test.binaryincludes" value="&lt;nothing&gt;" />
    <property name="annotation.processing.processor.options" value="" />
    <property name="java.class.path" value="/home/matt/Escritorio/mysql-connector-java-5.0.8:/usr/share/netbeans/8.1/ide/modules/ext/mysql-connector-java-5.1.23-bin.jar:/home/matt/NetBeansProjects/Login/build/classes:/usr/share/netbeans/8.1/platform/modules/ext/junit-4.12.jar:/usr/share/netbeans/8.1/platform/modules/ext/hamcrest-core-1.3.jar:/home/matt/NetBeansProjects/Login/build/test/classes:/usr/share/netbeans/8.1/java/ant/lib/junit.jar:/usr/share/netbeans/8.1/java/ant/lib/ant-launcher.jar:/usr/share/netbeans/8.1/java/ant/lib/ant.jar:/usr/share/netbeans/8.1/java/ant/lib/ant-junit.jar:/usr/share/netbeans/8.1/java/ant/lib/ant-junit4.jar" />
    <property name="nb.internal.action.name" value="test" />
    <property name="os.arch" value="amd64" />
    <property name="javac.deprecation" value="false" />
    <property name="libs.jpa20-persistence.maven-pom" value="" />
    <property name="build.classes.excludes" value="**/*.java,**/*.form" />
    <property name="dist.dir" value="dist" />
    <property name="debug.classpath" value="/home/matt/Escritorio/mysql-connector-java-5.0.8:/usr/share/netbeans/8.1/ide/modules/ext/mysql-connector-java-5.1.23-bin.jar:build/classes" />
    <property name="netbeans.user" value="/home/matt/.netbeans/8.1" />
    <property name="sun.java.launcher" value="SUN_STANDARD" />
    <property name="jar.index.metainf" value="false" />
    <property name="platform.java" value="/usr/lib/jvm/java-8-oracle/jre/bin/java" />
    <property name="annotation.processing.enabled.in.editor" value="false" />
    <property name="ant.core.lib" value="/usr/share/netbeans/8.1/java/ant/lib/ant.jar" />
    <property name="libs.JAVADB_DRIVER_LABEL.javadoc" value="" />
    <property name="java.vm.specification.vendor" value="Oracle Corporation" />
    <property name="do.depend" value="false" />
    <property name="file.separator" value="/" />
    <property name="java.runtime.version" value="1.8.0_91-b14" />
    <property name="sun.boot.class.path" value="/usr/lib/jvm/java-8-oracle/jre/lib/resources.jar:/usr/lib/jvm/java-8-oracle/jre/lib/rt.jar:/usr/lib/jvm/java-8-oracle/jre/lib/sunrsasign.jar:/usr/lib/jvm/java-8-oracle/jre/lib/jsse.jar:/usr/lib/jvm/java-8-oracle/jre/lib/jce.jar:/usr/lib/jvm/java-8-oracle/jre/lib/charsets.jar:/usr/lib/jvm/java-8-oracle/jre/lib/jfr.jar:/usr/lib/jvm/java-8-oracle/jre/classes" />
    <property name="debug.test.classpath" value="/home/matt/Escritorio/mysql-connector-java-5.0.8:/usr/share/netbeans/8.1/ide/modules/ext/mysql-connector-java-5.1.23-bin.jar:build/classes:/usr/share/netbeans/8.1/platform/modules/ext/junit-4.12.jar:/usr/share/netbeans/8.1/platform/modules/ext/hamcrest-core-1.3.jar:build/test/classes" />
    <property name="nb.junit.batch" value="true" />
    <property name="libs.beans-binding.classpath" value="/usr/share/netbeans/8.1/java/modules/ext/beansbinding-1.2.1.jar" />
    <property name="have.tests" value="true" />
    <property name="main.class" value="login.Login" />
    <property name="libs.JWSAntTasks.maven-pom" value="" />
    <property name="java.util.logging.config.class" value="org.netbeans.core.startup.TopLogging" />
    <property name="libs.javac-api.classpath" value="/usr/share/netbeans/8.1/java/modules/ext/nb-javac-api.jar" />
    <property name="user.country" value="AR" />
    <property name="javadoc.notree" value="false" />
    <property name="javac.classpath" value="/home/matt/Escritorio/mysql-connector-java-5.0.8:/usr/share/netbeans/8.1/ide/modules/ext/mysql-connector-java-5.1.23-bin.jar" />
    <property name="default.javac.target" value="1.8" />
    <property name="javadoc.additionalparam" value="" />
    <property name="build.classes.dir" value="build/classes" />
    <property name="do.archive+manifest.available" value="true" />
    <property name="libs.swing-layout.javadoc" value="" />
    <property name="libs.swing-layout.src" value="" />
    <property name="javac.target" value="1.8" />
    <property name="java.vendor" value="Oracle Corporation" />
    <property name="libs.eclipselink.classpath" value="/usr/share/netbeans/8.1/java/modules/ext/eclipselink/eclipselink.jar:/usr/share/netbeans/8.1/java/modules/ext/eclipselink/javax.persistence_2.1.0.v201304241213.jar:/usr/share/netbeans/8.1/java/modules/ext/eclipselink/org.eclipse.persistence.jpa.jpql_2.5.2.v20140319-9ad6abd.jar" />
    <property name="runtime.encoding" value="UTF-8" />
    <property name="java.specification.version" value="1.8" />
    <property name="libs.JWSAntTasks.javadoc" value="" />
    <property name="mkdist.disabled" value="false" />
    <property name="sun.arch.data.model" value="64" />
  </properties>
  <testcase classname="login.MetodosLoginTest" name="testValidar_ingreso_true" time="0.835">
    <error message="Operation not allowed after ResultSet closed" type="java.sql.SQLException">java.sql.SQLException: Operation not allowed after ResultSet closed
	at com.mysql.jdbc.SQLError.createSQLException(SQLError.java:963)
	at com.mysql.jdbc.SQLError.createSQLException(SQLError.java:896)
	at com.mysql.jdbc.SQLError.createSQLException(SQLError.java:885)
	at com.mysql.jdbc.SQLError.createSQLException(SQLError.java:860)
	at com.mysql.jdbc.ResultSetImpl.checkClosed(ResultSetImpl.java:743)
	at com.mysql.jdbc.ResultSetImpl.next(ResultSetImpl.java:6313)
	at login.MetodosLogin.validar_ingreso(MetodosLogin.java:34)
	at login.MetodosLoginTest.testValidar_ingreso_true(MetodosLoginTest.java:61)
</error>
  </testcase>
  <testcase classname="login.MetodosLoginTest" name="testValidar_ingreso_false" time="0.025">
    <error message="Operation not allowed after ResultSet closed" type="java.sql.SQLException">java.sql.SQLException: Operation not allowed after ResultSet closed
	at com.mysql.jdbc.SQLError.createSQLException(SQLError.java:963)
	at com.mysql.jdbc.SQLError.createSQLException(SQLError.java:896)
	at com.mysql.jdbc.SQLError.createSQLException(SQLError.java:885)
	at com.mysql.jdbc.SQLError.createSQLException(SQLError.java:860)
	at com.mysql.jdbc.ResultSetImpl.checkClosed(ResultSetImpl.java:743)
	at com.mysql.jdbc.ResultSetImpl.next(ResultSetImpl.java:6313)
	at login.MetodosLogin.validar_ingreso(MetodosLogin.java:34)
	at login.MetodosLoginTest.testValidar_ingreso_false(MetodosLoginTest.java:51)
</error>
  </testcase>
  <system-out><![CDATA[validar_ingreso
validar_ingreso
]]></system-out>
  <system-err><![CDATA[Fri Jun 16 13:54:41 ART 2017 WARN: Establishing SSL connection without server's identity verification is not recommended. According to MySQL 5.5.45+, 5.6.26+ and 5.7.6+ requirements SSL connection must be established by default if explicit option isn't set. For compliance with existing applications not using SSL the verifyServerCertificate property is set to 'false'. You need either to explicitly disable SSL by setting useSSL=false, or set useSSL=true and provide truststore for server certificate verification.
Fri Jun 16 13:54:41 ART 2017 WARN: Establishing SSL connection without server's identity verification is not recommended. According to MySQL 5.5.45+, 5.6.26+ and 5.7.6+ requirements SSL connection must be established by default if explicit option isn't set. For compliance with existing applications not using SSL the verifyServerCertificate property is set to 'false'. You need either to explicitly disable SSL by setting useSSL=false, or set useSSL=true and provide truststore for server certificate verification.
]]></system-err>
</testsuite>
